Jul 31 21:05:19 Installed: epel-release-7-11.noarch
Jul 31 21:05:45 Updated: libgcc-4.8.5-36.el7_6.2.x86_64
Jul 31 21:05:46 Updated: 1:grub2-common-2.02-0.76.el7.centos.1.noarch
Jul 31 21:05:46 Updated: 1:grub2-pc-modules-2.02-0.76.el7.centos.1.noarch
Jul 31 21:05:46 Updated: tzdata-2019b-1.el7.noarch
Jul 31 21:05:50 Updated: glibc-common-2.17-260.el7_6.6.x86_64
Jul 31 21:05:50 Updated: glibc-2.17-260.el7_6.6.x86_64
Jul 31 21:05:51 Updated: systemd-libs-219-62.el7_6.9.x86_64
Jul 31 21:05:51 Updated: nss-util-3.36.0-1.1.el7_6.x86_64
Jul 31 21:05:51 Updated: libuuid-2.23.2-59.el7_6.1.x86_64
Jul 31 21:05:51 Updated: libblkid-2.23.2-59.el7_6.1.x86_64
Jul 31 21:05:51 Updated: 1:openssl-libs-1.0.2k-16.el7_6.1.x86_64
Jul 31 21:05:51 Updated: krb5-libs-1.15.1-37.el7_6.x86_64
Jul 31 21:05:51 Updated: libmount-2.23.2-59.el7_6.1.x86_64
Jul 31 21:05:51 Updated: glib2-2.56.1-4.el7_6.x86_64
Jul 31 21:05:52 Updated: 2:shadow-utils-4.1.5.1-25.el7_6.1.x86_64
Jul 31 21:05:53 Updated: python-libs-2.7.5-80.el7_6.x86_64
Jul 31 21:05:53 Updated: python-2.7.5-80.el7_6.x86_64
Jul 31 21:05:53 Updated: nss-sysinit-3.36.0-7.1.el7_6.x86_64
Jul 31 21:05:53 Updated: nss-3.36.0-7.1.el7_6.x86_64
Jul 31 21:05:53 Updated: nss-pem-1.0.3-5.el7_6.1.x86_64
Jul 31 21:05:54 Updated: 1:NetworkManager-libnm-1.12.0-10.el7_6.x86_64
Jul 31 21:05:54 Updated: 1:dbus-libs-1.10.24-13.el7_6.x86_64
Jul 31 21:05:54 Updated: nss-tools-3.36.0-7.1.el7_6.x86_64
Jul 31 21:05:54 Updated: openldap-2.4.44-21.el7_6.x86_64
Jul 31 21:05:54 Updated: python-perf-3.10.0-957.27.2.el7.x86_64
Jul 31 21:05:54 Updated: libssh2-1.4.3-12.el7_6.3.x86_64
Jul 31 21:05:54 Updated: libcurl-7.29.0-51.el7_6.3.x86_64
Jul 31 21:05:56 Updated: systemd-219-62.el7_6.9.x86_64
Jul 31 21:05:56 Updated: 1:dbus-1.10.24-13.el7_6.x86_64
Jul 31 21:05:56 Updated: polkit-0.112-18.el7_6.1.x86_64
Jul 31 21:05:56 Updated: 1:NetworkManager-1.12.0-10.el7_6.x86_64
Jul 31 21:05:56 Updated: cronie-anacron-1.4.11-20.el7_6.x86_64
Jul 31 21:05:56 Updated: cronie-1.4.11-20.el7_6.x86_64
Jul 31 21:05:56 Updated: kernel-tools-libs-3.10.0-957.27.2.el7.x86_64
Jul 31 21:05:56 Updated: libteam-1.27-6.el7_6.1.x86_64
Jul 31 21:05:56 Updated: teamd-1.27-6.el7_6.1.x86_64
Jul 31 21:05:56 Updated: libsmartcols-2.23.2-59.el7_6.1.x86_64
Jul 31 21:05:57 Updated: util-linux-2.23.2-59.el7_6.1.x86_64
Jul 31 21:05:57 Updated: policycoreutils-2.5-29.el7_6.1.x86_64
Jul 31 21:05:57 Updated: 7:device-mapper-libs-1.02.149-10.el7_6.8.x86_64
Jul 31 21:05:57 Updated: 7:device-mapper-1.02.149-10.el7_6.8.x86_64
Jul 31 21:05:57 Updated: 7:device-mapper-event-libs-1.02.149-10.el7_6.8.x86_64
Jul 31 21:05:57 Updated: 1:grub2-tools-minimal-2.02-0.76.el7.centos.1.x86_64
Jul 31 21:05:58 Updated: 1:grub2-tools-2.02-0.76.el7.centos.1.x86_64
Jul 31 21:05:58 Updated: 7:device-mapper-event-1.02.149-10.el7_6.8.x86_64
Jul 31 21:05:58 Updated: 7:lvm2-libs-2.02.180-10.el7_6.8.x86_64
Jul 31 21:06:04 Updated: selinux-policy-3.13.1-229.el7_6.15.noarch
Jul 31 21:06:04 Updated: freetype-2.8-12.el7_6.1.x86_64
Jul 31 21:06:04 Updated: 1:grub2-tools-extra-2.02-0.76.el7.centos.1.x86_64
Jul 31 21:06:04 Updated: 1:grub2-pc-2.02-0.76.el7.centos.1.x86_64
Jul 31 21:06:04 Updated: ipset-libs-6.38-3.el7_6.x86_64
Jul 31 21:06:04 Updated: 32:bind-license-9.9.4-74.el7_6.2.noarch
Jul 31 21:06:04 Updated: 32:bind-libs-lite-9.9.4-74.el7_6.2.x86_64
Jul 31 21:06:04 Updated: ipset-6.38-3.el7_6.x86_64
Jul 31 21:06:04 Updated: 1:grub2-2.02-0.76.el7.centos.1.x86_64
Jul 31 21:06:13 Updated: selinux-policy-targeted-3.13.1-229.el7_6.15.noarch
Jul 31 21:06:14 Updated: 7:lvm2-2.02.180-10.el7_6.8.x86_64
Jul 31 21:06:14 Updated: tuned-2.10.0-6.el7_6.4.noarch
Jul 31 21:06:14 Updated: 1:NetworkManager-team-1.12.0-10.el7_6.x86_64
Jul 31 21:06:14 Updated: kernel-tools-3.10.0-957.27.2.el7.x86_64
Jul 31 21:06:14 Updated: 1:NetworkManager-tui-1.12.0-10.el7_6.x86_64
Jul 31 21:06:14 Updated: 1:NetworkManager-wifi-1.12.0-10.el7_6.x86_64
Jul 31 21:06:14 Updated: systemd-sysv-219-62.el7_6.9.x86_64
Jul 31 21:06:16 Updated: 2:microcode_ctl-2.1-47.5.el7_6.x86_64
Jul 31 21:06:16 Updated: kexec-tools-2.0.15-21.el7_6.4.x86_64
Jul 31 21:06:16 Updated: curl-7.29.0-51.el7_6.3.x86_64
Jul 31 21:06:16 Updated: 1:openssl-1.0.2k-16.el7_6.1.x86_64
Jul 31 21:06:16 Updated: xfsprogs-4.5.0-19.el7_6.x86_64
Jul 31 21:06:16 Updated: iproute-4.11.0-14.el7_6.2.x86_64
Jul 31 21:06:16 Updated: libstdc++-4.8.5-36.el7_6.2.x86_64
Jul 31 21:06:16 Updated: 2:vim-minimal-7.4.160-6.el7_6.x86_64
Jul 31 21:06:16 Updated: libgomp-4.8.5-36.el7_6.2.x86_64
Jul 31 21:06:22 Installed: kernel-3.10.0-957.27.2.el7.x86_64
Jul 31 21:07:58 Installed: nano-2.3.1-10.el7.x86_64
Jul 31 21:10:24 Installed: wget-1.14-18.el7_6.1.x86_64
Jul 31 22:09:23 Installed: mpfr-3.1.1-4.el7.x86_64
Jul 31 22:09:23 Installed: libmpc-1.0.1-3.el7.x86_64
Jul 31 22:09:23 Installed: libquadmath-4.8.5-36.el7_6.2.x86_64
Jul 31 22:09:23 Installed: m4-1.4.16-10.el7.x86_64
Jul 31 22:09:23 Installed: apr-1.4.8-3.el7_4.1.x86_64
Jul 31 22:09:23 Installed: apr-util-1.5.2-6.el7.x86_64
Jul 31 22:09:23 Installed: zip-3.0-11.el7.x86_64
Jul 31 22:09:23 Installed: patch-2.7.1-10.el7_5.x86_64
Jul 31 22:09:23 Installed: avahi-libs-0.6.31-19.el7.x86_64
Jul 31 22:09:23 Installed: boost-system-1.53.0-27.el7.x86_64
Jul 31 22:09:23 Installed: unzip-6.0-19.el7.x86_64
Jul 31 22:09:23 Installed: boost-thread-1.53.0-27.el7.x86_64
Jul 31 22:09:23 Installed: libgfortran-4.8.5-36.el7_6.2.x86_64
Jul 31 22:09:24 Installed: cpp-4.8.5-36.el7_6.2.x86_64
Jul 31 22:09:24 Installed: 1:perl-parent-0.225-244.el7.noarch
Jul 31 22:09:24 Installed: perl-HTTP-Tiny-0.033-3.el7.noarch
Jul 31 22:09:24 Installed: perl-podlators-2.5.1-3.el7.noarch
Jul 31 22:09:24 Installed: perl-Pod-Perldoc-3.20-4.el7.noarch
Jul 31 22:09:24 Installed: 1:perl-Pod-Escapes-1.04-294.el7_6.noarch
Jul 31 22:09:24 Installed: perl-Text-ParseWords-3.29-4.el7.noarch
Jul 31 22:09:24 Installed: perl-Encode-2.51-7.el7.x86_64
Jul 31 22:09:24 Installed: perl-Pod-Usage-1.63-3.el7.noarch
Jul 31 22:09:25 Installed: 4:perl-libs-5.16.3-294.el7_6.x86_64
Jul 31 22:09:25 Installed: perl-Socket-2.010-4.el7.x86_64
Jul 31 22:09:25 Installed: perl-Storable-2.45-3.el7.x86_64
Jul 31 22:09:25 Installed: 4:perl-Time-HiRes-1.9725-3.el7.x86_64
Jul 31 22:09:25 Installed: perl-threads-1.87-4.el7.x86_64
Jul 31 22:09:25 Installed: perl-Carp-1.26-244.el7.noarch
Jul 31 22:09:25 Installed: perl-Filter-1.49-3.el7.x86_64
Jul 31 22:09:25 Installed: perl-Exporter-5.68-3.el7.noarch
Jul 31 22:09:25 Installed: perl-constant-1.27-2.el7.noarch
Jul 31 22:09:25 Installed: perl-Time-Local-1.2300-2.el7.noarch
Jul 31 22:09:25 Installed: 4:perl-macros-5.16.3-294.el7_6.x86_64
Jul 31 22:09:25 Installed: perl-threads-shared-1.43-6.el7.x86_64
Jul 31 22:09:25 Installed: perl-File-Temp-0.23.01-3.el7.noarch
Jul 31 22:09:25 Installed: perl-File-Path-2.09-2.el7.noarch
Jul 31 22:09:25 Installed: perl-PathTools-3.40-5.el7.x86_64
Jul 31 22:09:25 Installed: perl-Scalar-List-Utils-1.27-248.el7.x86_64
Jul 31 22:09:25 Installed: 1:perl-Pod-Simple-3.28-4.el7.noarch
Jul 31 22:09:25 Installed: perl-Getopt-Long-2.40-3.el7.noarch
Jul 31 22:09:26 Installed: 4:perl-5.16.3-294.el7_6.x86_64
Jul 31 22:09:26 Installed: perl-Thread-Queue-3.02-2.el7.noarch
Jul 31 22:09:26 Installed: 1:perl-Error-0.17020-2.el7.noarch
Jul 31 22:09:26 Installed: perl-TermReadKey-2.30-20.el7.x86_64
Jul 31 22:09:26 Installed: perl-Data-Dumper-2.145-3.el7.x86_64
Jul 31 22:09:26 Installed: autoconf-2.69-11.el7.noarch
Jul 31 22:09:26 Installed: perl-XML-Parser-2.41-10.el7.x86_64
Jul 31 22:09:40 Installed: kernel-debug-devel-3.10.0-957.27.2.el7.x86_64
Jul 31 22:09:40 Installed: perl-Test-Harness-3.28-3.el7.noarch
Jul 31 22:09:40 Installed: automake-1.13.4-3.el7.noarch
Jul 31 22:09:40 Installed: efivar-libs-36-11.el7_6.1.x86_64
Jul 31 22:09:40 Installed: mokutil-15-2.el7.centos.x86_64
Jul 31 22:09:40 Installed: bzip2-1.0.6-13.el7.x86_64
Jul 31 22:09:41 Installed: libstdc++-devel-4.8.5-36.el7_6.2.x86_64
Jul 31 22:09:41 Installed: rsync-3.1.2-6.el7_6.1.x86_64
Jul 31 22:09:41 Installed: perl-Git-1.8.3.1-20.el7.noarch
Jul 31 22:09:41 Installed: git-1.8.3.1-20.el7.x86_64
Jul 31 22:09:41 Installed: 1:emacs-filesystem-24.3-22.el7.noarch
Jul 31 22:09:41 Installed: pakchois-0.4-10.el7.x86_64
Jul 31 22:09:42 Installed: dwz-0.11-3.el7.x86_64
Jul 31 22:09:42 Installed: nettle-2.7.1-8.el7.x86_64
Jul 31 22:09:42 Installed: perl-srpm-macros-1-8.el7.noarch
Jul 31 22:09:42 Installed: redhat-rpm-config-9.1.0-87.el7.centos.noarch
Jul 31 22:09:42 Installed: libmodman-2.0.1-8.el7.x86_64
Jul 31 22:09:42 Installed: libproxy-0.4.11-11.el7.x86_64
Jul 31 22:09:42 Installed: kernel-headers-3.10.0-957.27.2.el7.x86_64
Jul 31 22:09:42 Installed: glibc-headers-2.17-260.el7_6.6.x86_64
Jul 31 22:09:42 Installed: glibc-devel-2.17-260.el7_6.6.x86_64
Jul 31 22:09:43 Installed: gcc-4.8.5-36.el7_6.2.x86_64
Jul 31 22:09:43 Installed: libquadmath-devel-4.8.5-36.el7_6.2.x86_64
Jul 31 22:09:44 Installed: systemtap-devel-3.3-3.el7.x86_64
Jul 31 22:09:44 Installed: trousers-0.3.14-2.el7.x86_64
Jul 31 22:09:45 Installed: gnutls-3.3.29-9.el7_6.x86_64
Jul 31 22:09:45 Installed: neon-0.30.0-3.el7.x86_64
Jul 31 22:09:45 Installed: subversion-libs-1.7.14-14.el7.x86_64
Jul 31 22:09:45 Installed: elfutils-0.172-2.el7.x86_64
Jul 31 22:09:45 Installed: boost-date-time-1.53.0-27.el7.x86_64
Jul 31 22:09:45 Installed: gettext-common-devel-0.19.8.1-2.el7.noarch
Jul 31 22:09:45 Installed: gettext-devel-0.19.8.1-2.el7.x86_64
Jul 31 22:09:45 Installed: gdb-7.6.1-114.el7.x86_64
Jul 31 22:09:45 Installed: libdwarf-20130207-4.el7.x86_64
Jul 31 22:09:46 Installed: dyninst-9.3.1-2.el7.x86_64
Jul 31 22:09:46 Installed: systemtap-runtime-3.3-3.el7.x86_64
Jul 31 22:09:46 Installed: systemtap-client-3.3-3.el7.x86_64
Jul 31 22:09:46 Installed: systemtap-3.3-3.el7.x86_64
Jul 31 22:09:46 Installed: rpm-build-4.11.3-35.el7.x86_64
Jul 31 22:09:47 Installed: intltool-0.50.2-7.el7.noarch
Jul 31 22:09:47 Installed: subversion-1.7.14-14.el7.x86_64
Jul 31 22:09:47 Installed: gcc-gfortran-4.8.5-36.el7_6.2.x86_64
Jul 31 22:09:48 Installed: gcc-c++-4.8.5-36.el7_6.2.x86_64
Jul 31 22:09:48 Installed: libtool-2.4.2-22.el7_3.x86_64
Jul 31 22:09:48 Installed: cscope-15.8-10.el7.x86_64
Jul 31 22:09:48 Installed: patchutils-0.3.3-4.el7.x86_64
Jul 31 22:09:48 Installed: flex-2.5.37-6.el7.x86_64
Jul 31 22:09:48 Installed: bison-3.0.4-2.el7.x86_64
Jul 31 22:09:48 Installed: indent-2.2.11-13.el7.x86_64
Jul 31 22:09:48 Installed: ctags-5.8-13.el7.x86_64
Jul 31 22:09:48 Installed: rpm-sign-4.11.3-35.el7.x86_64
Jul 31 22:09:48 Installed: byacc-1.9.20130304-3.el7.x86_64
Jul 31 22:09:48 Installed: rcs-5.9.0-5.el7.x86_64
Jul 31 22:09:48 Installed: diffstat-1.57-4.el7.x86_64
Jul 31 22:09:49 Installed: swig-2.0.10-5.el7.x86_64
Jul 31 22:09:50 Installed: 1:doxygen-1.8.5-3.el7.x86_64
Jul 31 22:10:09 Installed: zlib-devel-1.2.7-18.el7.x86_64
Jul 31 22:10:09 Installed: libcom_err-devel-1.42.9-13.el7.x86_64
Jul 31 22:10:09 Installed: libsepol-devel-2.5-10.el7.x86_64
Jul 31 22:10:09 Installed: pcre-devel-8.32-17.el7.x86_64
Jul 31 22:10:09 Installed: libselinux-devel-2.5-14.1.el7.x86_64
Jul 31 22:10:09 Installed: libkadm5-1.15.1-37.el7_6.x86_64
Jul 31 22:10:09 Installed: libverto-devel-0.2.5-4.el7.x86_64
Jul 31 22:10:09 Installed: keyutils-libs-devel-1.5.8-3.el7.x86_64
Jul 31 22:10:09 Installed: krb5-devel-1.15.1-37.el7_6.x86_64
Jul 31 22:10:09 Installed: 1:openssl-devel-1.0.2k-16.el7_6.1.x86_64
Jul 31 22:10:09 Installed: elfutils-libelf-devel-0.172-2.el7.x86_64
Jul 31 22:10:09 Installed: bc-1.06.95-13.el7.x86_64
Jul 31 22:10:10 Installed: ncurses-devel-5.9-14.20130511.el7_4.x86_64
